Arguments: 
  C:\Program Files\nodejs\node.exe C:\Users\hornta\AppData\Roaming\npm\node_modules\yarn\bin\yarn.js anthon

PATH: 
  C:\Program Files (x86)\Common Files\Oracle\Java\javapath;C:\WINDOWS\system32;C:\WINDOWS;C:\WINDOWS\System32\Wbem;C:\WINDOWS\System32\WindowsPowerShell\v1.0\;C:\WINDOWS\System32\OpenSSH\;C:\apache-maven-3.6.3\bin;C:\Program Files\NVIDIA Corporation\NVIDIA NvDLISR;C:\Program Files (x86)\NVIDIA Corporation\PhysX\Common;C:\Program Files\Git\cmd;C:\Program Files\nodejs\;C:\ProgramData\chocolatey\bin;;C:\Program Files\Docker\Docker\resources\bin;C:\ProgramData\DockerDesktop\version-bin;C:\Users\hornta\AppData\Local\Programs\Python\Python38\Scripts\;C:\Users\hornta\AppData\Local\Programs\Python\Python38\;C:\Users\hornta\AppData\Local\Programs\Python\Python39\Scripts\;C:\Users\hornta\AppData\Local\Programs\Python\Python39\;C:\Users\hornta\.cargo\bin;C:\Users\hornta\AppData\Local\Microsoft\WindowsApps;C:\Users\hornta\AppData\Local\Programs\Microsoft VS Code\bin;C:\Users\hornta\AppData\Local\GitHubDesktop\bin;C:\Program Files\heroku\bin;C:\Program Files (x86)\GitHub CLI\;C:\Program Files\Java\jdk1.8.0_251\bin;C:\Users\hornta\AppData\Roaming\npm

Yarn version: 
  1.22.4

Node version: 
  15.1.0

Platform: 
  win32 x64

Trace: 
  Invariant Violation: Script must exist
      at invariant (C:\Users\hornta\AppData\Roaming\npm\node_modules\yarn\lib\cli.js:2314:15)
      at C:\Users\hornta\AppData\Roaming\npm\node_modules\yarn\lib\cli.js:62386:11
      at Generator.next (<anonymous>)
      at step (C:\Users\hornta\AppData\Roaming\npm\node_modules\yarn\lib\cli.js:310:30)
      at C:\Users\hornta\AppData\Roaming\npm\node_modules\yarn\lib\cli.js:328:14
      at new Promise (<anonymous>)
      at new F (C:\Users\hornta\AppData\Roaming\npm\node_modules\yarn\lib\cli.js:5301:28)
      at C:\Users\hornta\AppData\Roaming\npm\node_modules\yarn\lib\cli.js:307:12
      at realRunCommand (C:\Users\hornta\AppData\Roaming\npm\node_modules\yarn\lib\cli.js:62471:23)
      at action.action (C:\Users\hornta\AppData\Roaming\npm\node_modules\yarn\lib\cli.js:62532:16)

npm manifest: 
  {
    "name": "AoC2020",
    "version": "1.0.0",
    "description": "Let's take a break from saving Santa.",
    "main": "index.js",
    "scripts": {
  		"anthon": ""
    },
    "repository": {
      "type": "git",
      "url": "git+https://github.com/j496r/AoC2020.git"
    },
    "keywords": [],
    "author": "",
    "license": "ISC",
    "bugs": {
      "url": "https://github.com/j496r/AoC2020/issues"
    },
    "homepage": "https://github.com/j496r/AoC2020#readme",
    "dependencies": {
      "eslint": "^7.14.0",
      "eslint-config-prettier": "^6.15.0",
      "eslint-plugin-prettier": "^3.2.0",
      "prettier": "^2.2.1"
    }
  }

yarn manifest: 
  No manifest

Lockfile: 
  No lockfile
